Arguments: 
  /usr/local/Cellar/node/8.1.4/bin/node /usr/local/bin/yarn

PATH: 
  /usr/local/opt/openssl/bin:/Users/locks/.cargo/bin:/usr/bin:/bin:/usr/sbin:/sbin:/usr/local/bin:/opt/X11/bin:/usr/local/share/dotnet:/Library/Frameworks/Mono.framework/Versions/Current/Commands

Yarn version: 
  0.27.5

Node version: 
  8.1.4

Platform: 
  darwin x64

npm manifest: 
  {
    "name": "roadmap-page",
    "version": "0.0.0",
    "description": "A brand new Glimmer app.",
    "directories": {
      "doc": "doc",
      "test": "tests"
    },
    "scripts": {
      "build": "ember build",
      "start": "ember server",
      "test": "ember test"
    },
    "devDependencies": {
      "@glimmer/application": "^0.5.1",
      "@glimmer/application-pipeline": "^0.7.0",
      "@glimmer/blueprint": "^0.2.1",
      "@glimmer/resolver": "^0.3.0",
      "broccoli-asset-rev": "^2.5.0",
      "broccoli-json-module": "^1.0.0",
      "ember-cli": "github:ember-cli/ember-cli",
      "ember-cli-deploy": "^1.0.1",
      "ember-cli-deploy-build": "^1.1.0",
      "ember-cli-google-fonts": "^2.14.1",
      "ember-cli-inject-live-reload": "^1.6.1",
      "ember-cli-sass": "^6.2.0",
      "ember-cli-uglify": "^1.2.0",
      "markdown-it": "^8.3.2",
      "typescript": "^2.2.2"
    },
    "engines": {
      "node": ">= 4.0"
    },
    "private": true,
    "dependencies": {
      "yarn": "^1.0.2"
      "rollup-plugin-commonjs": "^8.2.0",
      "rollup-plugin-node-resolve": "^3.0.0"
    }
  }

yarn manifest: 
  No manifest

Lockfile: 
  No lockfile

Trace: 
  SyntaxError: /Users/locks/src/_learning/roadmap-page/package.json: Unexpected string in JSON at position 952
      at JSON.parse (<anonymous>)
      at /usr/local/Cellar/yarn/0.27.5/libexec/lib/yarn-cli.js:747:57
      at Generator.next (<anonymous>)
      at step (/usr/local/Cellar/yarn/0.27.5/libexec/lib/yarn-cli.js:91:30)
      at /usr/local/Cellar/yarn/0.27.5/libexec/lib/yarn-cli.js:102:13
      at <anonymous>
